This is pdfTeX, Version 3.14159265-2.6-1.40.19 (TeX Live 2019/dev/Debian) (preloaded format=pdftex 2021.5.10)  10 MAY 2021 10:56
entering extended mode
 restricted \write18 enabled.
 %&-line parsing enabled.
**/home/pi/supreme_disco/resume/resume_JS.tex
(/home/pi/supreme_disco/resume/resume_JS.tex
! Undefined control sequence.
l.3 \documentclass
                  [a4paper]{ReadableCV}
? 
! Undefined control sequence.
l.6 \color
          {black}
? 
! Undefined control sequence.
l.8 \begin
          {document}
? 
! Undefined control sequence.
l.11 \setPageColour
                   {white}
? 
! Undefined control sequence.
l.16 \setHeaderAlignment
                        {left}
? 
! Undefined control sequence.
l.19 \setHeadingColours
                       {SlateGray3}
? 
! Undefined control sequence.
l.29 \setContactLocation
                        {opposite}
? 
! Undefined control sequence.
l.34 \setYourName
                 {Jobseeker}
? 
! Undefined control sequence.
l.35 \setYourJobTitle
                     {Job title}
? 
! Undefined control sequence.
l.36 \setYourMobileNo
                     {Mobile phone}
? 
! Undefined control sequence.
l.37 \setYourHomeNo
                   {Home phone}
? 
! Undefined control sequence.
l.38 \setYourEmailAddr
                      {Email address}
? 
! Undefined control sequence.
l.39 \setYourWebAddr
                    {Web address}
? 
! Undefined control sequence.
l.42 \showHeader
                
? 
! Undefined control sequence.
l.45 \setSectionAlignment
                         {left}
? 
! Undefined control sequence.
l.48 \newHeading
                {Personal Profile}
? 
! Undefined control sequence.
l.52 \newHeading
                {Core Skills}
? 
! Undefined control sequence.
l.56 \addSkills
               {Skill one}
? 
! Undefined control sequence.
l.66 \newHeading
                {Career Summary}
? 
! Undefined control sequence.
l.70 \setJobCompanyOrder
                        {JobFirst}
? 
! Undefined control sequence.
l.77 \newRole
             {2018 -- present}
? 
! Undefined control sequence.
l.83 \roleAchievements
                      {Lorem ipsum dolor sit amet, consectetur adipiscing el...

? 
! Undefined control sequence.
l.90 \newRole
             {2007 -- 2018}
? 
! Undefined control sequence.
l.95 \roleAchievements
                      {Lorem ipsum dolor sit amet, consectetur adipiscing el...

? 
! Undefined control sequence.
l.102 \newRole
              {1999 -- 2006}
? 
! Undefined control sequence.
l.107 \roleAchievements
                       {Lorem ipsum dolor sit amet, consectetur adipiscing e...

? 
[1{/var/lib/texmf/fonts/map/pdftex/updmap/pdftex.map}]
! Undefined control sequence.
l.114 \newRole
              {2003 -- 2006}{Job title}{Company name}{A short summary broadl...

? 
! Undefined control sequence.
l.115 \newRole
              {2002 -- 2003}{Job title}{Company name}{A short summary broadl...

? 
! Undefined control sequence.
l.116 \newRole
              {2001 -- 2003}{Job title}{Company name}{A short summary broadl...

? 
! Undefined control sequence.
l.119 \newpage
              
? 
! Undefined control sequence.
l.122 \newHeading
                 {Personal Development}
? 
! Undefined control sequence.
l.124 \newCourse
                {2019}
? 
! Undefined control sequence.
l.128 \newCourse
                {2019}
? 
! Undefined control sequence.
l.132 \newCourse
                {2019}
? 
! Undefined control sequence.
l.137 \newHeading
                 {Education}
? 
! Undefined control sequence.
l.139 \newCourse
                {2000 - 2002}{Course title}{Awarding body}{}
? 
! Undefined control sequence.
l.140 \newCourse
                {1996 - 1998}{Course title}{Awarding body}{}
? 
! Undefined control sequence.
l.141 \newCourse
                {1994 - 1996}{Course title}{Awarding body}{}
? 
! Undefined control sequence.
l.142 \newCourse
                {1989 - 1994}{Course title}{Awarding body}{}
? 
! Undefined control sequence.
l.144 \clearpage
                
? 
! Undefined control sequence.
l.149 \showHeader
                 
? 
! Undefined control sequence.
l.155 \setRecpName
                  {Mr Deeds}
? 
! Undefined control sequence.
l.156 \setRecpJobTitle
                      {Hiring Manager}
? 
! Undefined control sequence.
l.157 \setRecpRoad
                  {BigCorp Road}
? 
! Undefined control sequence.
l.158 \setRecpTown
                  {BigCorp Town}
? 
! Undefined control sequence.
l.159 \setRecpCity
                  {BigCorp City}
? 
! Undefined control sequence.
l.160 \setRecpPostcode
                      {X12 3YZ}
? 
! Undefined control sequence.
l.162 \makeLetter
                 
? 
! Undefined control sequence.
l.166 Dear \recpname
                    ,
? 
! Undefined control sequence.
l.189 \closeletter
                  {sig.png}
? 
[2] )</usr/share/texlive/texmf-dist/fonts/type1/public/amsfonts/cm/cmr10.pfb>
Output written on resume_JS.pdf (2 pages, 27103 bytes).
PDF statistics:
 15 PDF objects out of 1000 (max. 8388607)
 9 compressed objects within 1 object stream
 0 named destinations out of 1000 (max. 500000)
 1 words of extra memory for PDF output out of 10000 (max. 10000000)

